2021-12-14 16:42:09,709 (86632/MainThread) snowflake.cli.common.util_cli DEBUG       util_cli:686  - Initialized logging. Log file '../snowsql_rt.log', Namespaces: ['snowflake.cli', 'snowflake.connector', 'botocore', 'azure', '__main__', 'eventloop', 'sqlexecute']
2021-12-14 16:42:09,710 (86632/MainThread) snowflake.cli.common.util_cli INFO       util_cli:722  - REQUESTS_CA_BUNDLE is already set to /var/folders/9l/fvfsfrd561j841_5v5h3gp4c0000gp/T/_MEIH8MxQX/certifi/cacert.pem
2021-12-14 16:42:09,710 (86632/MainThread) __main__ DEBUG      eventloop:209  - is_terminal: True, is_interactive: True
2021-12-14 16:42:09,711 (86632/MainThread) snowflake.cli.sqlexecute DEBUG     sqlexecute:163  - starting sqlexecute
2021-12-14 16:42:09,712 (86632/MainThread) snowflake.cli.common.config DEBUG         config:87   - Reading cnf: /Users/tbennett/.snowsql/1.2.19/snowsql.cnf
2021-12-14 16:42:09,712 (86632/MainThread) snowflake.cli.common.config DEBUG         config:87   - Reading cnf: /etc/snowsql.cnf
2021-12-14 16:42:09,712 (86632/MainThread) snowflake.cli.common.config DEBUG         config:87   - Reading cnf: /etc/snowflake/snowsql.cnf
2021-12-14 16:42:09,713 (86632/MainThread) snowflake.cli.common.config DEBUG         config:87   - Reading cnf: /usr/local/etc/snowsql.cnf
2021-12-14 16:42:09,713 (86632/MainThread) snowflake.cli.common.config DEBUG         config:87   - Reading cnf: /Users/tbennett/.snowsql.cnf
2021-12-14 16:42:09,713 (86632/MainThread) snowflake.cli.common.config DEBUG         config:87   - Reading cnf: /Users/tbennett/.snowsql/config
2021-12-14 16:42:09,714 (86632/MainThread) __main__ DEBUG      eventloop:353  - [None, None, None, None, None, None, None, None, None, None, None, None, None, None, None, None, None, None, None, None, None, None, None, None, None, None, None, None, None, None, None, None, None]
2021-12-14 16:42:09,714 (86632/MainThread) __main__ DEBUG      eventloop:359  - fallback to config values only if user did not specify a value and sqlexecute is connecting for the first time.
2021-12-14 16:42:09,714 (86632/MainThread) __main__ DEBUG      eventloop:407  - host=None, port: + None
2021-12-14 16:42:09,715 (86632/MainThread) __main__ DEBUG      eventloop:446  - prompting user, password and account if still missing
2021-12-14 16:42:28,230 (86632/MainThread) __main__ DEBUG      eventloop:501  - init sqlexecute
2021-12-14 16:42:28,230 (86632/MainThread) snowflake.cli.sqlexecute DEBUG     sqlexecute:254  - Connection DB Params: database: STREAMSETS_DB, warehouse: STREAMSETSSES_WH, user: thomas, host: streamsets.snowflakecomputing.com, port: 443, region: None, account: streamsets, protocol: https, schema: TBENNETT_SCHEMA, role: None, ocsp_fail_open: True, insecure_mode: None, proxy_host: None, proxy_port: None, proxy_user: None, authenticator: SNOWFLAKE, session_parameters: {'ABORT_DETACHED_QUERY': False}, login_timeout: 120, client_session_keep_alive: False, disable_request_pooling: None, client_store_temporary_credential: None
2021-12-14 16:42:28,231 (86632/MainThread) snowflake.connector.connection INFO     connection:276  - Snowflake Connector for Python Version: 2.6.1, Python Version: 3.6.8, Platform: Darwin-21.1.0-x86_64-i386-64bit
2021-12-14 16:42:28,231 (86632/MainThread) snowflake.connector.connection DEBUG     connection:502  - connect
2021-12-14 16:42:28,231 (86632/MainThread) snowflake.connector.connection DEBUG     connection:767  - __config
2021-12-14 16:42:28,232 (86632/MainThread) snowflake.connector.connection INFO     connection:892  - This connection is in OCSP Fail Open Mode. TLS Certificates would be checked for validity and revocation status. Any other Certificate Revocation related exceptions or OCSP Responder failures would be disregarded in favor of connectivity.
2021-12-14 16:42:28,232 (86632/MainThread) snowflake.connector.connection INFO     connection:909  - Setting use_openssl_only mode to False
2021-12-14 16:42:28,233 (86632/MainThread) snowflake.connector.converter DEBUG      converter:142  - use_numpy: False
2021-12-14 16:42:28,233 (86632/MainThread) snowflake.connector.connection DEBUG     connection:670  - REST API object was created: streamsets.snowflakecomputing.com:443
2021-12-14 16:42:28,234 (86632/MainThread) snowflake.connector.auth DEBUG           auth:169  - authenticate
2021-12-14 16:42:28,234 (86632/MainThread) snowflake.connector.auth DEBUG           auth:199  - assertion content: *********
2021-12-14 16:42:28,234 (86632/MainThread) snowflake.connector.auth DEBUG           auth:211  - account=streamsets, user=thomas, database=STREAMSETS_DB, schema=TBENNETT_SCHEMA, warehouse=STREAMSETSSES_WH, role=None, request_id=27552327-fb25-40f7-b0ce-895ed69a0e88
2021-12-14 16:42:28,234 (86632/MainThread) snowflake.connector.auth DEBUG           auth:237  - body['data']: {'CLIENT_APP_ID': 'SnowSQL', 'CLIENT_APP_VERSION': '1.2.19', 'SVN_REVISION': None, 'ACCOUNT_NAME': 'streamsets', 'LOGIN_NAME': 'thomas', 'CLIENT_ENVIRONMENT': {'APPLICATION': 'SnowSQL', 'OS': 'Darwin', 'OS_VERSION': 'Darwin-21.1.0-x86_64-i386-64bit', 'PYTHON_VERSION': '3.6.8', 'PYTHON_RUNTIME': 'CPython', 'PYTHON_COMPILER': 'GCC 4.2.1 Compatible Apple LLVM 6.0 (clang-600.0.57)', 'OCSP_MODE': 'FAIL_OPEN', 'TRACING': 10, 'LOGIN_TIMEOUT': 120, 'NETWORK_TIMEOUT': None}, 'SESSION_PARAMETERS': {'ABORT_DETACHED_QUERY': False, 'AUTOCOMMIT': True, 'CLIENT_SESSION_KEEP_ALIVE': False, 'CLIENT_PREFETCH_THREADS': 4}}
2021-12-14 16:42:28,235 (86632/MainThread) snowflake.connector.vendored.urllib3.util.retry DEBUG          retry:333  - Converted retries value: 1 -> Retry(total=1, connect=None, read=None, redirect=None, status=None)
2021-12-14 16:42:28,236 (86632/MainThread) snowflake.connector.vendored.urllib3.util.retry DEBUG          retry:333  - Converted retries value: 1 -> Retry(total=1, connect=None, read=None, redirect=None, status=None)
2021-12-14 16:42:28,236 (86632/MainThread) snowflake.connector.network DEBUG        network:1106 - Session status for SessionPool 'streamsets.snowflakecomputing.com', SessionPool 1/1 active sessions
2021-12-14 16:42:28,236 (86632/MainThread) snowflake.connector.network DEBUG        network:825  - remaining request timeout: 120, retry cnt: 1
2021-12-14 16:42:28,237 (86632/MainThread) snowflake.connector.network DEBUG        network:803  - Request guid: 0ece0675-951d-44fa-94cb-52e05f372038
2021-12-14 16:42:28,237 (86632/MainThread) snowflake.connector.network DEBUG        network:972  - socket timeout: 60
2021-12-14 16:42:28,274 (86632/MainThread) snowflake.connector.vendored.urllib3.connectionpool DEBUG connectionpool:975  - Starting new HTTPS connection (1): streamsets.snowflakecomputing.com:443
2021-12-14 16:42:28,615 (86632/MainThread) snowflake.connector.ocsp_snowflake DEBUG ocsp_snowflake:464  - cache directory: /Users/tbennett/Library/Caches/Snowflake
2021-12-14 16:42:28,737 (86632/MainThread) snowflake.connector.ssl_wrap_socket DEBUG ssl_wrap_socket:86   - OCSP Mode: FAIL_OPEN, OCSP response cache file name: None
2021-12-14 16:42:28,737 (86632/MainThread) snowflake.connector.ocsp_snowflake DEBUG ocsp_snowflake:506  - ocsp_response_cache_uri: file:///Users/tbennett/Library/Caches/Snowflake/ocsp_response_cache.json
2021-12-14 16:42:28,738 (86632/MainThread) snowflake.connector.ocsp_snowflake DEBUG ocsp_snowflake:507  - OCSP_VALIDATION_CACHE size: 0
2021-12-14 16:42:28,738 (86632/MainThread) snowflake.connector.ocsp_snowflake DEBUG ocsp_snowflake:290  - OCSP response cache server is enabled: http://ocsp.snowflakecomputing.com/ocsp_response_cache.json
2021-12-14 16:42:28,738 (86632/MainThread) snowflake.connector.ocsp_snowflake DEBUG ocsp_snowflake:325  - OCSP dynamic cache server RETRY URL: None
2021-12-14 16:42:28,741 (86632/MainThread) snowflake.connector.ocsp_snowflake DEBUG ocsp_snowflake:651  - The cache is older than 1 day. Deleted the cache file: /Users/tbennett/Library/Caches/Snowflake/ocsp_response_cache.json
2021-12-14 16:42:28,741 (86632/MainThread) snowflake.connector.ocsp_snowflake DEBUG ocsp_snowflake:551  - Failed to locate OCSP response cache file. No worry. It will validate with OCSP server: /Users/tbennett/Library/Caches/Snowflake/ocsp_response_cache.json
2021-12-14 16:42:28,742 (86632/MainThread) snowflake.connector.ocsp_snowflake DEBUG ocsp_snowflake:1063 - validating certificate: streamsets.snowflakecomputing.com
2021-12-14 16:42:28,742 (86632/MainThread) snowflake.connector.ocsp_asn1crypto DEBUG ocsp_asn1crypto:434  - # of certificates: 4
2021-12-14 16:42:28,743 (86632/MainThread) snowflake.connector.ocsp_asn1crypto DEBUG ocsp_asn1crypto:440  - subject: OrderedDict([('common_name', '*.us-west-2.snowflakecomputing.com')]), issuer: OrderedDict([('country_name', 'US'), ('organization_name', 'Amazon'), ('organizational_unit_name', 'Server CA 1B'), ('common_name', 'Amazon')])
2021-12-14 16:42:28,744 (86632/MainThread) snowflake.connector.ocsp_asn1crypto DEBUG ocsp_asn1crypto:440  - subject: OrderedDict([('country_name', 'US'), ('organization_name', 'Amazon'), ('organizational_unit_name', 'Server CA 1B'), ('common_name', 'Amazon')]), issuer: OrderedDict([('country_name', 'US'), ('organization_name', 'Amazon'), ('common_name', 'Amazon Root CA 1')])
2021-12-14 16:42:28,745 (86632/MainThread) snowflake.connector.ocsp_asn1crypto DEBUG ocsp_asn1crypto:440  - subject: OrderedDict([('country_name', 'US'), ('organization_name', 'Amazon'), ('common_name', 'Amazon Root CA 1')]), issuer: OrderedDict([('country_name', 'US'), ('state_or_province_name', 'Arizona'), ('locality_name', 'Scottsdale'), ('organization_name', 'Starfield Technologies, Inc.'), ('common_name', 'Starfield Services Root Certificate Authority - G2')])
2021-12-14 16:42:28,746 (86632/MainThread) snowflake.connector.ocsp_asn1crypto DEBUG ocsp_asn1crypto:440  - subject: OrderedDict([('country_name', 'US'), ('state_or_province_name', 'Arizona'), ('locality_name', 'Scottsdale'), ('organization_name', 'Starfield Technologies, Inc.'), ('common_name', 'Starfield Services Root Certificate Authority - G2')]), issuer: OrderedDict([('country_name', 'US'), ('organization_name', 'Starfield Technologies, Inc.'), ('organizational_unit_name', 'Starfield Class 2 Certification Authority')])
2021-12-14 16:42:28,749 (86632/MainThread) snowflake.connector.ocsp_asn1crypto DEBUG ocsp_asn1crypto:122  - reading certificate bundle: /var/folders/9l/fvfsfrd561j841_5v5h3gp4c0000gp/T/_MEIH8MxQX/certifi/cacert.pem
2021-12-14 16:42:28,763 (86632/MainThread) snowflake.connector.ocsp_asn1crypto DEBUG ocsp_asn1crypto:460  - not found issuer_der: OrderedDict([('country_name', 'US'), ('organization_name', 'Starfield Technologies, Inc.'), ('organizational_unit_name', 'Starfield Class 2 Certification Authority')])
2021-12-14 16:42:28,765 (86632/MainThread) snowflake.connector.ocsp_snowflake DEBUG ocsp_snowflake:708  - not hit cache for subject: OrderedDict([('common_name', '*.us-west-2.snowflakecomputing.com')])
2021-12-14 16:42:28,765 (86632/MainThread) snowflake.connector.ocsp_snowflake DEBUG ocsp_snowflake:360  - started downloading OCSP response cache file: http://ocsp.snowflakecomputing.com/ocsp_response_cache.json
2021-12-14 16:42:28,839 (86632/MainThread) snowflake.connector.ocsp_asn1crypto DEBUG ocsp_asn1crypto:236  - Verifying the attached certificate is signed by the issuer. Valid Not After: 2025-05-12 23:58:59+00:00
2021-12-14 16:42:28,841 (86632/MainThread) snowflake.connector.ocsp_asn1crypto DEBUG ocsp_asn1crypto:236  - Verifying the attached certificate is signed by the issuer. Valid Not After: 2024-05-12 02:43:45+00:00
2021-12-14 16:42:28,843 (86632/MainThread) snowflake.connector.ocsp_asn1crypto DEBUG ocsp_asn1crypto:236  - Verifying the attached certificate is signed by the issuer. Valid Not After: 2024-05-12 02:47:38+00:00
2021-12-14 16:42:28,845 (86632/MainThread) snowflake.connector.ocsp_asn1crypto DEBUG ocsp_asn1crypto:236  - Verifying the attached certificate is signed by the issuer. Valid Not After: 2022-09-01 07:00:00+00:00
2021-12-14 16:42:28,847 (86632/MainThread) snowflake.connector.ocsp_asn1crypto DEBUG ocsp_asn1crypto:236  - Verifying the attached certificate is signed by the issuer. Valid Not After: 2025-05-12 23:58:59+00:00
2021-12-14 16:42:28,849 (86632/MainThread) snowflake.connector.ocsp_asn1crypto DEBUG ocsp_asn1crypto:236  - Verifying the attached certificate is signed by the issuer. Valid Not After: 2025-05-12 23:58:59+00:00
2021-12-14 16:42:28,877 (86632/MainThread) snowflake.connector.ocsp_asn1crypto DEBUG ocsp_asn1crypto:236  - Verifying the attached certificate is signed by the issuer. Valid Not After: 2022-01-15 00:00:00+00:00
2021-12-14 16:42:28,884 (86632/MainThread) snowflake.connector.ocsp_asn1crypto DEBUG ocsp_asn1crypto:236  - Verifying the attached certificate is signed by the issuer. Valid Not After: 2022-07-21 18:55:27+00:00
2021-12-14 16:42:28,885 (86632/MainThread) snowflake.connector.ocsp_asn1crypto DEBUG ocsp_asn1crypto:236  - Verifying the attached certificate is signed by the issuer. Valid Not After: 2022-07-21 18:55:27+00:00
2021-12-14 16:42:28,887 (86632/MainThread) snowflake.connector.ocsp_asn1crypto DEBUG ocsp_asn1crypto:236  - Verifying the attached certificate is signed by the issuer. Valid Not After: 2022-07-21 18:55:27+00:00
2021-12-14 16:42:28,889 (86632/MainThread) snowflake.connector.ocsp_asn1crypto DEBUG ocsp_asn1crypto:236  - Verifying the attached certificate is signed by the issuer. Valid Not After: 2022-07-21 18:55:27+00:00
2021-12-14 16:42:28,890 (86632/MainThread) snowflake.connector.ocsp_asn1crypto DEBUG ocsp_asn1crypto:236  - Verifying the attached certificate is signed by the issuer. Valid Not After: 2022-07-21 19:22:35+00:00
2021-12-14 16:42:28,892 (86632/MainThread) snowflake.connector.ocsp_asn1crypto DEBUG ocsp_asn1crypto:236  - Verifying the attached certificate is signed by the issuer. Valid Not After: 2022-07-21 18:55:27+00:00
2021-12-14 16:42:28,894 (86632/MainThread) snowflake.connector.ocsp_asn1crypto DEBUG ocsp_asn1crypto:236  - Verifying the attached certificate is signed by the issuer. Valid Not After: 2022-07-21 19:22:35+00:00
2021-12-14 16:42:28,895 (86632/MainThread) snowflake.connector.ocsp_asn1crypto DEBUG ocsp_asn1crypto:236  - Verifying the attached certificate is signed by the issuer. Valid Not After: 2022-07-21 18:55:27+00:00
2021-12-14 16:42:28,897 (86632/MainThread) snowflake.connector.ocsp_asn1crypto DEBUG ocsp_asn1crypto:236  - Verifying the attached certificate is signed by the issuer. Valid Not After: 2022-07-21 19:22:35+00:00
2021-12-14 16:42:28,899 (86632/MainThread) snowflake.connector.ocsp_asn1crypto DEBUG ocsp_asn1crypto:236  - Verifying the attached certificate is signed by the issuer. Valid Not After: 2022-07-21 18:55:27+00:00
2021-12-14 16:42:28,900 (86632/MainThread) snowflake.connector.ocsp_asn1crypto DEBUG ocsp_asn1crypto:236  - Verifying the attached certificate is signed by the issuer. Valid Not After: 2022-07-21 19:22:35+00:00
2021-12-14 16:42:28,902 (86632/MainThread) snowflake.connector.ocsp_asn1crypto DEBUG ocsp_asn1crypto:236  - Verifying the attached certificate is signed by the issuer. Valid Not After: 2022-07-21 19:22:35+00:00
2021-12-14 16:42:28,904 (86632/MainThread) snowflake.connector.ocsp_asn1crypto DEBUG ocsp_asn1crypto:236  - Verifying the attached certificate is signed by the issuer. Valid Not After: 2022-07-21 18:55:27+00:00
2021-12-14 16:42:28,905 (86632/MainThread) snowflake.connector.ocsp_asn1crypto DEBUG ocsp_asn1crypto:236  - Verifying the attached certificate is signed by the issuer. Valid Not After: 2022-07-21 18:55:27+00:00
2021-12-14 16:42:28,907 (86632/MainThread) snowflake.connector.ocsp_asn1crypto DEBUG ocsp_asn1crypto:236  - Verifying the attached certificate is signed by the issuer. Valid Not After: 2022-07-21 19:22:35+00:00
2021-12-14 16:42:28,909 (86632/MainThread) snowflake.connector.ocsp_asn1crypto DEBUG ocsp_asn1crypto:236  - Verifying the attached certificate is signed by the issuer. Valid Not After: 2022-07-21 19:22:35+00:00
2021-12-14 16:42:28,910 (86632/MainThread) snowflake.connector.ocsp_asn1crypto DEBUG ocsp_asn1crypto:236  - Verifying the attached certificate is signed by the issuer. Valid Not After: 2022-07-21 19:22:35+00:00
2021-12-14 16:42:28,913 (86632/MainThread) snowflake.connector.ocsp_asn1crypto DEBUG ocsp_asn1crypto:236  - Verifying the attached certificate is signed by the issuer. Valid Not After: 2022-07-21 19:22:35+00:00
2021-12-14 16:42:28,915 (86632/MainThread) snowflake.connector.ocsp_asn1crypto DEBUG ocsp_asn1crypto:236  - Verifying the attached certificate is signed by the issuer. Valid Not After: 2022-07-21 19:22:35+00:00
2021-12-14 16:42:28,917 (86632/MainThread) snowflake.connector.ocsp_asn1crypto DEBUG ocsp_asn1crypto:236  - Verifying the attached certificate is signed by the issuer. Valid Not After: 2022-07-21 19:22:35+00:00
2021-12-14 16:42:28,918 (86632/MainThread) snowflake.connector.ocsp_asn1crypto DEBUG ocsp_asn1crypto:236  - Verifying the attached certificate is signed by the issuer. Valid Not After: 2022-07-21 18:55:27+00:00
2021-12-14 16:42:28,919 (86632/MainThread) snowflake.connector.ocsp_snowflake DEBUG ocsp_snowflake:388  - ended downloading OCSP response cache file. elapsed time: 0.154008150100708s
2021-12-14 16:42:28,920 (86632/MainThread) snowflake.connector.ocsp_snowflake DEBUG ocsp_snowflake:341  - downloaded OCSP response cache file from http://ocsp.snowflakecomputing.com/ocsp_response_cache.json
2021-12-14 16:42:28,920 (86632/MainThread) snowflake.connector.ocsp_snowflake DEBUG ocsp_snowflake:343  - # of certificates: 160
2021-12-14 16:42:28,921 (86632/MainThread) snowflake.connector.ocsp_snowflake DEBUG ocsp_snowflake:682  - hit cache for subject: OrderedDict([('common_name', '*.us-west-2.snowflakecomputing.com')])
2021-12-14 16:42:28,923 (86632/MainThread) snowflake.connector.ocsp_snowflake DEBUG ocsp_snowflake:1237 - using OCSP response cache
2021-12-14 16:42:28,923 (86632/MainThread) snowflake.connector.ocsp_asn1crypto DEBUG ocsp_asn1crypto:329  - Certificate is NOT attached in Basic OCSP Response. Using issuer's certificate
2021-12-14 16:42:28,923 (86632/MainThread) snowflake.connector.ocsp_asn1crypto DEBUG ocsp_asn1crypto:336  - Verifying the OCSP response is signed by the issuer.
2021-12-14 16:42:28,988 (86632/MainThread) snowflake.connector.ocsp_asn1crypto DEBUG ocsp_asn1crypto:236  - Verifying the attached certificate is signed by the issuer. Valid Not After: 2024-05-12 02:43:45+00:00
2021-12-14 16:42:28,989 (86632/MainThread) snowflake.connector.ocsp_snowflake DEBUG ocsp_snowflake:682  - hit cache for subject: OrderedDict([('country_name', 'US'), ('organization_name', 'Amazon'), ('organizational_unit_name', 'Server CA 1B'), ('common_name', 'Amazon')])
2021-12-14 16:42:28,990 (86632/MainThread) snowflake.connector.ocsp_snowflake DEBUG ocsp_snowflake:1237 - using OCSP response cache
2021-12-14 16:42:28,992 (86632/MainThread) snowflake.connector.ocsp_asn1crypto DEBUG ocsp_asn1crypto:293  - Certificate is attached in Basic OCSP Response
2021-12-14 16:42:28,992 (86632/MainThread) snowflake.connector.ocsp_asn1crypto DEBUG ocsp_asn1crypto:296  - Verifying the attached certificate is signed by the issuer
2021-12-14 16:42:28,992 (86632/MainThread) snowflake.connector.ocsp_asn1crypto DEBUG ocsp_asn1crypto:300  - Valid Not After: 2024-05-12 02:43:45+00:00
2021-12-14 16:42:28,994 (86632/MainThread) snowflake.connector.ocsp_asn1crypto DEBUG ocsp_asn1crypto:336  - Verifying the OCSP response is signed by the issuer.
2021-12-14 16:42:28,998 (86632/MainThread) snowflake.connector.ocsp_asn1crypto DEBUG ocsp_asn1crypto:236  - Verifying the attached certificate is signed by the issuer. Valid Not After: 2024-05-12 02:47:38+00:00
2021-12-14 16:42:28,998 (86632/MainThread) snowflake.connector.ocsp_snowflake DEBUG ocsp_snowflake:682  - hit cache for subject: OrderedDict([('country_name', 'US'), ('organization_name', 'Amazon'), ('common_name', 'Amazon Root CA 1')])
2021-12-14 16:42:29,000 (86632/MainThread) snowflake.connector.ocsp_snowflake DEBUG ocsp_snowflake:1237 - using OCSP response cache
2021-12-14 16:42:29,001 (86632/MainThread) snowflake.connector.ocsp_asn1crypto DEBUG ocsp_asn1crypto:293  - Certificate is attached in Basic OCSP Response
2021-12-14 16:42:29,002 (86632/MainThread) snowflake.connector.ocsp_asn1crypto DEBUG ocsp_asn1crypto:296  - Verifying the attached certificate is signed by the issuer
2021-12-14 16:42:29,002 (86632/MainThread) snowflake.connector.ocsp_asn1crypto DEBUG ocsp_asn1crypto:300  - Valid Not After: 2024-05-12 02:47:38+00:00
2021-12-14 16:42:29,004 (86632/MainThread) snowflake.connector.ocsp_asn1crypto DEBUG ocsp_asn1crypto:336  - Verifying the OCSP response is signed by the issuer.
2021-12-14 16:42:29,008 (86632/MainThread) snowflake.connector.ocsp_asn1crypto DEBUG ocsp_asn1crypto:236  - Verifying the attached certificate is signed by the issuer. Valid Not After: 2022-09-01 07:00:00+00:00
2021-12-14 16:42:29,008 (86632/MainThread) snowflake.connector.ocsp_snowflake DEBUG ocsp_snowflake:682  - hit cache for subject: OrderedDict([('country_name', 'US'), ('state_or_province_name', 'Arizona'), ('locality_name', 'Scottsdale'), ('organization_name', 'Starfield Technologies, Inc.'), ('common_name', 'Starfield Services Root Certificate Authority - G2')])
2021-12-14 16:42:29,010 (86632/MainThread) snowflake.connector.ocsp_snowflake DEBUG ocsp_snowflake:1237 - using OCSP response cache
2021-12-14 16:42:29,012 (86632/MainThread) snowflake.connector.ocsp_asn1crypto DEBUG ocsp_asn1crypto:293  - Certificate is attached in Basic OCSP Response
2021-12-14 16:42:29,012 (86632/MainThread) snowflake.connector.ocsp_asn1crypto DEBUG ocsp_asn1crypto:296  - Verifying the attached certificate is signed by the issuer
2021-12-14 16:42:29,012 (86632/MainThread) snowflake.connector.ocsp_asn1crypto DEBUG ocsp_asn1crypto:300  - Valid Not After: 2022-09-01 07:00:00+00:00
2021-12-14 16:42:29,015 (86632/MainThread) snowflake.connector.ocsp_asn1crypto DEBUG ocsp_asn1crypto:336  - Verifying the OCSP response is signed by the issuer.
2021-12-14 16:42:29,017 (86632/MainThread) snowflake.connector.ocsp_snowflake DEBUG ocsp_snowflake:604  - writing OCSP response cache file to /Users/tbennett/Library/Caches/Snowflake/ocsp_response_cache.json
2021-12-14 16:42:29,017 (86632/MainThread) snowflake.connector.ocsp_snowflake DEBUG ocsp_snowflake:1715 - encoding OCSP response cache to JSON
2021-12-14 16:42:29,041 (86632/MainThread) snowflake.connector.ocsp_snowflake DEBUG ocsp_snowflake:1115 - ok
2021-12-14 16:42:29,420 (86632/MainThread) snowflake.connector.vendored.urllib3.connectionpool DEBUG connectionpool:461  - https://streamsets.snowflakecomputing.com:443 "POST /session/v1/login-request?request_id=27552327-fb25-40f7-b0ce-895ed69a0e88&databaseName=STREAMSETS_DB&schemaName=TBENNETT_SCHEMA&warehouse=STREAMSETSSES_WH&request_guid=0ece0675-951d-44fa-94cb-52e05f372038 HTTP/1.1" 200 1449
2021-12-14 16:42:29,421 (86632/MainThread) snowflake.connector.network DEBUG        network:1001 - SUCCESS
2021-12-14 16:42:29,421 (86632/MainThread) snowflake.connector.network DEBUG        network:1112 - Session status for SessionPool 'streamsets.snowflakecomputing.com', SessionPool 0/1 active sessions
2021-12-14 16:42:29,421 (86632/MainThread) snowflake.connector.network DEBUG        network:712  - ret[code] = None, after post request
2021-12-14 16:42:29,421 (86632/MainThread) snowflake.connector.auth DEBUG           auth:354  - completed authentication
2021-12-14 16:42:29,421 (86632/MainThread) snowflake.connector.auth DEBUG           auth:398  - token = ******
2021-12-14 16:42:29,422 (86632/MainThread) snowflake.connector.auth DEBUG           auth:402  - master_token = ******
2021-12-14 16:42:29,422 (86632/MainThread) snowflake.connector.auth DEBUG           auth:406  - id_token = NULL
2021-12-14 16:42:29,422 (86632/MainThread) snowflake.connector.auth DEBUG           auth:410  - mfa_token = NULL
2021-12-14 16:42:29,422 (86632/MainThread) snowflake.cli.sqlexecute DEBUG     sqlexecute:298  - adding connection: 0
2021-12-14 16:42:29,423 (86632/MainThread) __main__ DEBUG      eventloop:666  - Read from a file
2021-12-14 16:42:29,423 (86632/MainThread) __main__ DEBUG      eventloop:669  - Files are added to list ('put_command.sql',)
2021-12-14 16:42:29,425 (86632/MainThread) snowflake.cli.sqlexecute DEBUG     sqlexecute:389  - sql: put
    file://./target/email-validator-1.0-SNAPSHOT.jar
    @~/PLG/
    auto_compress = false
    overwrite = true
    ;
2021-12-14 16:42:29,425 (86632/MainThread) snowflake.cli.sqlexecute DEBUG     sqlexecute:390  - secret_free_sql: put
    file://./target/email-validator-1.0-SNAPSHOT.jar
    @~/PLG/
    auto_compress = false
    overwrite = true
    ;
2021-12-14 16:42:29,425 (86632/MainThread) snowflake.cli.sqlexecute DEBUG     sqlexecute:398  - set()
2021-12-14 16:42:29,425 (86632/MainThread) snowflake.cli.sqlexecute DEBUG     sqlexecute:316  - joining async exec
2021-12-14 16:42:29,426 (86632/MainThread) snowflake.cli.sqlexecute DEBUG     sqlexecute:324  - waiting for async exec to finish...
2021-12-14 16:42:29,426 (86632/MainThread) snowflake.cli.sqlexecute DEBUG     sqlexecute:341  - all async queries finished.
2021-12-14 16:42:29,426 (86632/MainThread) snowflake.cli.sqlexecute DEBUG     sqlexecute:540  - Regular sql statement. sql: put
    file://./target/email-validator-1.0-SNAPSHOT.jar
    @~/PLG/
    auto_compress = false
    overwrite = true
    ;
2021-12-14 16:42:29,426 (86632/MainThread) snowflake.connector.connection DEBUG     connection:589  - cursor
2021-12-14 16:42:29,427 (86632/MainThread) snowflake.cli.sqlexecute DEBUG     sqlexecute:547  - exit_on_error: False, progress_bar: True
2021-12-14 16:42:29,427 (86632/MainThread) snowflake.connector.cursor DEBUG         cursor:618  - executing SQL/command
2021-12-14 16:42:29,427 (86632/MainThread) snowflake.connector.cursor DEBUG         cursor:652  - binding: [put file://./target/email-validator-1.0-SNAPSHOT.jar @~/PLG/ auto_compress = fal...] with input=[None], processed=[{}]
2021-12-14 16:42:29,427 (86632/MainThread) snowflake.connector.cursor INFO         cursor:687  - query: [put file://./target/email-validator-1.0-SNAPSHOT.jar @~/PLG/ auto_compress = fal...]
2021-12-14 16:42:29,428 (86632/MainThread) snowflake.connector.cursor DEBUG         cursor:428  - Cannot use arrow result format, fallback to json format
2021-12-14 16:42:29,428 (86632/MainThread) snowflake.connector.connection DEBUG     connection:1234 - sequence counter: 1
2021-12-14 16:42:29,428 (86632/MainThread) snowflake.connector.cursor DEBUG         cursor:447  - Request id: aebf9cc2-49a4-4a37-a8f7-0146396b7998
2021-12-14 16:42:29,428 (86632/MainThread) snowflake.connector.cursor DEBUG         cursor:450  - running query [put file://./target/email-validator-1.0-SNAPSHOT.jar @~/PLG/ auto_compress = fal...]
2021-12-14 16:42:29,428 (86632/MainThread) snowflake.connector.cursor DEBUG         cursor:459  - is_file_transfer: True
2021-12-14 16:42:29,429 (86632/MainThread) snowflake.connector.connection DEBUG     connection:936  - _cmd_query
2021-12-14 16:42:29,429 (86632/MainThread) snowflake.connector.connection DEBUG     connection:963  - sql=[put file://./target/email-validator-1.0-SNAPSHOT.jar @~/PLG/ auto_compress = fal...], sequence_id=[1], is_file_transfer=[True]
2021-12-14 16:42:29,429 (86632/MainThread) snowflake.connector.network DEBUG        network:1106 - Session status for SessionPool 'streamsets.snowflakecomputing.com', SessionPool 1/1 active sessions
2021-12-14 16:42:29,430 (86632/MainThread) snowflake.connector.network DEBUG        network:825  - remaining request timeout: None, retry cnt: 1
2021-12-14 16:42:29,430 (86632/MainThread) snowflake.connector.network DEBUG        network:803  - Request guid: 7c982b0e-5502-447f-8316-713510a1faaa
2021-12-14 16:42:29,430 (86632/MainThread) snowflake.connector.network DEBUG        network:972  - socket timeout: 60
2021-12-14 16:42:29,636 (86632/MainThread) snowflake.connector.vendored.urllib3.connectionpool DEBUG connectionpool:461  - https://streamsets.snowflakecomputing.com:443 "POST /queries/v1/query-request?requestId=aebf9cc2-49a4-4a37-a8f7-0146396b7998&request_guid=7c982b0e-5502-447f-8316-713510a1faaa HTTP/1.1" 200 1440
2021-12-14 16:42:29,637 (86632/MainThread) snowflake.connector.network DEBUG        network:1001 - SUCCESS
2021-12-14 16:42:29,637 (86632/MainThread) snowflake.connector.network DEBUG        network:1112 - Session status for SessionPool 'streamsets.snowflakecomputing.com', SessionPool 0/1 active sessions
2021-12-14 16:42:29,637 (86632/MainThread) snowflake.connector.network DEBUG        network:712  - ret[code] = None, after post request
2021-12-14 16:42:29,637 (86632/MainThread) snowflake.connector.network DEBUG        network:734  - Query id: 01a0f24a-0503-371c-0000-16c10db387ee
2021-12-14 16:42:29,638 (86632/MainThread) snowflake.connector.cursor DEBUG         cursor:709  - sfqid: 01a0f24a-0503-371c-0000-16c10db387ee
2021-12-14 16:42:29,638 (86632/MainThread) snowflake.connector.cursor INFO         cursor:711  - query execution done
2021-12-14 16:42:29,638 (86632/MainThread) snowflake.connector.cursor DEBUG         cursor:713  - SUCCESS
2021-12-14 16:42:29,638 (86632/MainThread) snowflake.connector.cursor DEBUG         cursor:716  - PUT OR GET: True
2021-12-14 16:42:29,638 (86632/MainThread) snowflake.connector.file_transfer_agent DEBUG file_transfer_agent:821  - UPLOAD
2021-12-14 16:42:29,640 (86632/MainThread) snowflake.connector.file_transfer_agent DEBUG file_transfer_agent:950  - command type: UPLOAD
2021-12-14 16:42:29,645 (86632/MainThread) snowflake.connector.file_transfer_agent DEBUG file_transfer_agent:1102 - no file encoding was detected: file=/Users/tbennett/Code/plg-blogs/email-validator/./target/email-validator-1.0-SNAPSHOT.jar
2021-12-14 16:42:29,647 (86632/MainThread) snowflake.connector.vendored.urllib3.util.retry DEBUG          retry:333  - Converted retries value: 1 -> Retry(total=1, connect=None, read=None, redirect=None, status=None)
2021-12-14 16:42:29,648 (86632/MainThread) snowflake.connector.vendored.urllib3.util.retry DEBUG          retry:333  - Converted retries value: 1 -> Retry(total=1, connect=None, read=None, redirect=None, status=None)
2021-12-14 16:42:29,648 (86632/MainThread) snowflake.connector.network DEBUG        network:1106 - Session status for SessionPool 'b'sfc-ds1-customer-stage.s3.amazonaws.com'', SessionPool 1/1 active sessions
2021-12-14 16:42:29,648 (86632/MainThread) snowflake.connector.storage_client DEBUG storage_client:275  - storage client request with session <snowflake.connector.vendored.requests.sessions.Session object at 0x7f83005034a8>
2021-12-14 16:42:29,696 (86632/MainThread) snowflake.connector.vendored.urllib3.connectionpool DEBUG connectionpool:975  - Starting new HTTPS connection (1): sfc-ds1-customer-stage.s3.amazonaws.com:443
2021-12-14 16:42:29,933 (86632/MainThread) snowflake.connector.ssl_wrap_socket DEBUG ssl_wrap_socket:86   - OCSP Mode: FAIL_OPEN, OCSP response cache file name: None
2021-12-14 16:42:29,933 (86632/MainThread) snowflake.connector.ocsp_snowflake DEBUG ocsp_snowflake:506  - ocsp_response_cache_uri: file:///Users/tbennett/Library/Caches/Snowflake/ocsp_response_cache.json
2021-12-14 16:42:29,934 (86632/MainThread) snowflake.connector.ocsp_snowflake DEBUG ocsp_snowflake:507  - OCSP_VALIDATION_CACHE size: 160
2021-12-14 16:42:29,934 (86632/MainThread) snowflake.connector.ocsp_snowflake DEBUG ocsp_snowflake:290  - OCSP response cache server is enabled: http://ocsp.snowflakecomputing.com/ocsp_response_cache.json
2021-12-14 16:42:29,934 (86632/MainThread) snowflake.connector.ocsp_snowflake DEBUG ocsp_snowflake:325  - OCSP dynamic cache server RETRY URL: None
2021-12-14 16:42:29,937 (86632/MainThread) snowflake.connector.ocsp_asn1crypto DEBUG ocsp_asn1crypto:236  - Verifying the attached certificate is signed by the issuer. Valid Not After: 2025-05-12 23:58:59+00:00
2021-12-14 16:42:29,939 (86632/MainThread) snowflake.connector.ocsp_asn1crypto DEBUG ocsp_asn1crypto:236  - Verifying the attached certificate is signed by the issuer. Valid Not After: 2025-05-12 23:58:59+00:00
2021-12-14 16:42:29,941 (86632/MainThread) snowflake.connector.ocsp_asn1crypto DEBUG ocsp_asn1crypto:236  - Verifying the attached certificate is signed by the issuer. Valid Not After: 2024-05-12 02:43:45+00:00
2021-12-14 16:42:29,942 (86632/MainThread) snowflake.connector.ocsp_asn1crypto DEBUG ocsp_asn1crypto:236  - Verifying the attached certificate is signed by the issuer. Valid Not After: 2024-05-12 02:43:45+00:00
2021-12-14 16:42:29,944 (86632/MainThread) snowflake.connector.ocsp_asn1crypto DEBUG ocsp_asn1crypto:236  - Verifying the attached certificate is signed by the issuer. Valid Not After: 2024-05-12 02:47:38+00:00
2021-12-14 16:42:29,945 (86632/MainThread) snowflake.connector.ocsp_asn1crypto DEBUG ocsp_asn1crypto:236  - Verifying the attached certificate is signed by the issuer. Valid Not After: 2024-05-12 02:47:38+00:00
2021-12-14 16:42:29,947 (86632/MainThread) snowflake.connector.ocsp_asn1crypto DEBUG ocsp_asn1crypto:236  - Verifying the attached certificate is signed by the issuer. Valid Not After: 2022-09-01 07:00:00+00:00
2021-12-14 16:42:29,950 (86632/MainThread) snowflake.connector.ocsp_asn1crypto DEBUG ocsp_asn1crypto:236  - Verifying the attached certificate is signed by the issuer. Valid Not After: 2022-09-01 07:00:00+00:00
2021-12-14 16:42:29,952 (86632/MainThread) snowflake.connector.ocsp_asn1crypto DEBUG ocsp_asn1crypto:236  - Verifying the attached certificate is signed by the issuer. Valid Not After: 2025-05-12 23:58:59+00:00
2021-12-14 16:42:29,954 (86632/MainThread) snowflake.connector.ocsp_asn1crypto DEBUG ocsp_asn1crypto:236  - Verifying the attached certificate is signed by the issuer. Valid Not After: 2025-05-12 23:58:59+00:00
2021-12-14 16:42:29,955 (86632/MainThread) snowflake.connector.ocsp_asn1crypto DEBUG ocsp_asn1crypto:236  - Verifying the attached certificate is signed by the issuer. Valid Not After: 2025-05-12 23:58:59+00:00
2021-12-14 16:42:29,957 (86632/MainThread) snowflake.connector.ocsp_asn1crypto DEBUG ocsp_asn1crypto:236  - Verifying the attached certificate is signed by the issuer. Valid Not After: 2025-05-12 23:58:59+00:00
2021-12-14 16:42:30,008 (86632/MainThread) snowflake.connector.ocsp_asn1crypto DEBUG ocsp_asn1crypto:236  - Verifying the attached certificate is signed by the issuer. Valid Not After: 2022-01-15 00:00:00+00:00
2021-12-14 16:42:30,010 (86632/MainThread) snowflake.connector.ocsp_asn1crypto DEBUG ocsp_asn1crypto:236  - Verifying the attached certificate is signed by the issuer. Valid Not After: 2022-01-15 00:00:00+00:00
2021-12-14 16:42:30,020 (86632/MainThread) snowflake.connector.ocsp_asn1crypto DEBUG ocsp_asn1crypto:236  - Verifying the attached certificate is signed by the issuer. Valid Not After: 2022-07-21 18:55:27+00:00
2021-12-14 16:42:30,021 (86632/MainThread) snowflake.connector.ocsp_asn1crypto DEBUG ocsp_asn1crypto:236  - Verifying the attached certificate is signed by the issuer. Valid Not After: 2022-07-21 18:55:27+00:00
2021-12-14 16:42:30,023 (86632/MainThread) snowflake.connector.ocsp_asn1crypto DEBUG ocsp_asn1crypto:236  - Verifying the attached certificate is signed by the issuer. Valid Not After: 2022-07-21 18:55:27+00:00
2021-12-14 16:42:30,024 (86632/MainThread) snowflake.connector.ocsp_asn1crypto DEBUG ocsp_asn1crypto:236  - Verifying the attached certificate is signed by the issuer. Valid Not After: 2022-07-21 18:55:27+00:00
2021-12-14 16:42:30,026 (86632/MainThread) snowflake.connector.ocsp_asn1crypto DEBUG ocsp_asn1crypto:236  - Verifying the attached certificate is signed by the issuer. Valid Not After: 2022-07-21 18:55:27+00:00
2021-12-14 16:42:30,027 (86632/MainThread) snowflake.connector.ocsp_asn1crypto DEBUG ocsp_asn1crypto:236  - Verifying the attached certificate is signed by the issuer. Valid Not After: 2022-07-21 18:55:27+00:00
2021-12-14 16:42:30,029 (86632/MainThread) snowflake.connector.ocsp_asn1crypto DEBUG ocsp_asn1crypto:236  - Verifying the attached certificate is signed by the issuer. Valid Not After: 2022-07-21 18:55:27+00:00
2021-12-14 16:42:30,030 (86632/MainThread) snowflake.connector.ocsp_asn1crypto DEBUG ocsp_asn1crypto:236  - Verifying the attached certificate is signed by the issuer. Valid Not After: 2022-07-21 18:55:27+00:00
2021-12-14 16:42:30,032 (86632/MainThread) snowflake.connector.ocsp_asn1crypto DEBUG ocsp_asn1crypto:236  - Verifying the attached certificate is signed by the issuer. Valid Not After: 2022-07-21 19:22:35+00:00
2021-12-14 16:42:30,033 (86632/MainThread) snowflake.connector.ocsp_asn1crypto DEBUG ocsp_asn1crypto:236  - Verifying the attached certificate is signed by the issuer. Valid Not After: 2022-07-21 19:22:35+00:00
2021-12-14 16:42:30,035 (86632/MainThread) snowflake.connector.ocsp_asn1crypto DEBUG ocsp_asn1crypto:236  - Verifying the attached certificate is signed by the issuer. Valid Not After: 2022-07-21 18:55:27+00:00
2021-12-14 16:42:30,036 (86632/MainThread) snowflake.connector.ocsp_asn1crypto DEBUG ocsp_asn1crypto:236  - Verifying the attached certificate is signed by the issuer. Valid Not After: 2022-07-21 18:55:27+00:00
2021-12-14 16:42:30,037 (86632/MainThread) snowflake.connector.ocsp_asn1crypto DEBUG ocsp_asn1crypto:236  - Verifying the attached certificate is signed by the issuer. Valid Not After: 2022-07-21 19:22:35+00:00
2021-12-14 16:42:30,039 (86632/MainThread) snowflake.connector.ocsp_asn1crypto DEBUG ocsp_asn1crypto:236  - Verifying the attached certificate is signed by the issuer. Valid Not After: 2022-07-21 19:22:35+00:00
2021-12-14 16:42:30,040 (86632/MainThread) snowflake.connector.ocsp_asn1crypto DEBUG ocsp_asn1crypto:236  - Verifying the attached certificate is signed by the issuer. Valid Not After: 2022-07-21 18:55:27+00:00
2021-12-14 16:42:30,042 (86632/MainThread) snowflake.connector.ocsp_asn1crypto DEBUG ocsp_asn1crypto:236  - Verifying the attached certificate is signed by the issuer. Valid Not After: 2022-07-21 18:55:27+00:00
2021-12-14 16:42:30,044 (86632/MainThread) snowflake.connector.ocsp_asn1crypto DEBUG ocsp_asn1crypto:236  - Verifying the attached certificate is signed by the issuer. Valid Not After: 2022-07-21 19:22:35+00:00
2021-12-14 16:42:30,046 (86632/MainThread) snowflake.connector.ocsp_asn1crypto DEBUG ocsp_asn1crypto:236  - Verifying the attached certificate is signed by the issuer. Valid Not After: 2022-07-21 19:22:35+00:00
2021-12-14 16:42:30,047 (86632/MainThread) snowflake.connector.ocsp_asn1crypto DEBUG ocsp_asn1crypto:236  - Verifying the attached certificate is signed by the issuer. Valid Not After: 2022-07-21 18:55:27+00:00
2021-12-14 16:42:30,048 (86632/MainThread) snowflake.connector.ocsp_asn1crypto DEBUG ocsp_asn1crypto:236  - Verifying the attached certificate is signed by the issuer. Valid Not After: 2022-07-21 18:55:27+00:00
2021-12-14 16:42:30,051 (86632/MainThread) snowflake.connector.ocsp_asn1crypto DEBUG ocsp_asn1crypto:236  - Verifying the attached certificate is signed by the issuer. Valid Not After: 2022-07-21 19:22:35+00:00
2021-12-14 16:42:30,052 (86632/MainThread) snowflake.connector.ocsp_asn1crypto DEBUG ocsp_asn1crypto:236  - Verifying the attached certificate is signed by the issuer. Valid Not After: 2022-07-21 19:22:35+00:00
2021-12-14 16:42:30,053 (86632/MainThread) snowflake.connector.ocsp_asn1crypto DEBUG ocsp_asn1crypto:236  - Verifying the attached certificate is signed by the issuer. Valid Not After: 2022-07-21 19:22:35+00:00
2021-12-14 16:42:30,054 (86632/MainThread) snowflake.connector.ocsp_asn1crypto DEBUG ocsp_asn1crypto:236  - Verifying the attached certificate is signed by the issuer. Valid Not After: 2022-07-21 19:22:35+00:00
2021-12-14 16:42:30,056 (86632/MainThread) snowflake.connector.ocsp_asn1crypto DEBUG ocsp_asn1crypto:236  - Verifying the attached certificate is signed by the issuer. Valid Not After: 2022-07-21 18:55:27+00:00
2021-12-14 16:42:30,057 (86632/MainThread) snowflake.connector.ocsp_asn1crypto DEBUG ocsp_asn1crypto:236  - Verifying the attached certificate is signed by the issuer. Valid Not After: 2022-07-21 18:55:27+00:00
2021-12-14 16:42:30,059 (86632/MainThread) snowflake.connector.ocsp_asn1crypto DEBUG ocsp_asn1crypto:236  - Verifying the attached certificate is signed by the issuer. Valid Not After: 2022-07-21 18:55:27+00:00
2021-12-14 16:42:30,061 (86632/MainThread) snowflake.connector.ocsp_asn1crypto DEBUG ocsp_asn1crypto:236  - Verifying the attached certificate is signed by the issuer. Valid Not After: 2022-07-21 18:55:27+00:00
2021-12-14 16:42:30,062 (86632/MainThread) snowflake.connector.ocsp_asn1crypto DEBUG ocsp_asn1crypto:236  - Verifying the attached certificate is signed by the issuer. Valid Not After: 2022-07-21 19:22:35+00:00
2021-12-14 16:42:30,063 (86632/MainThread) snowflake.connector.ocsp_asn1crypto DEBUG ocsp_asn1crypto:236  - Verifying the attached certificate is signed by the issuer. Valid Not After: 2022-07-21 19:22:35+00:00
2021-12-14 16:42:30,065 (86632/MainThread) snowflake.connector.ocsp_asn1crypto DEBUG ocsp_asn1crypto:236  - Verifying the attached certificate is signed by the issuer. Valid Not After: 2022-07-21 19:22:35+00:00
2021-12-14 16:42:30,067 (86632/MainThread) snowflake.connector.ocsp_asn1crypto DEBUG ocsp_asn1crypto:236  - Verifying the attached certificate is signed by the issuer. Valid Not After: 2022-07-21 19:22:35+00:00
2021-12-14 16:42:30,087 (86632/MainThread) snowflake.connector.ocsp_asn1crypto DEBUG ocsp_asn1crypto:236  - Verifying the attached certificate is signed by the issuer. Valid Not After: 2022-07-21 19:22:35+00:00
2021-12-14 16:42:30,088 (86632/MainThread) snowflake.connector.ocsp_asn1crypto DEBUG ocsp_asn1crypto:236  - Verifying the attached certificate is signed by the issuer. Valid Not After: 2022-07-21 19:22:35+00:00
2021-12-14 16:42:30,092 (86632/MainThread) snowflake.connector.ocsp_asn1crypto DEBUG ocsp_asn1crypto:236  - Verifying the attached certificate is signed by the issuer. Valid Not After: 2022-07-21 19:22:35+00:00
2021-12-14 16:42:30,094 (86632/MainThread) snowflake.connector.ocsp_asn1crypto DEBUG ocsp_asn1crypto:236  - Verifying the attached certificate is signed by the issuer. Valid Not After: 2022-07-21 19:22:35+00:00
2021-12-14 16:42:30,095 (86632/MainThread) snowflake.connector.ocsp_asn1crypto DEBUG ocsp_asn1crypto:236  - Verifying the attached certificate is signed by the issuer. Valid Not After: 2022-07-21 19:22:35+00:00
2021-12-14 16:42:30,097 (86632/MainThread) snowflake.connector.ocsp_asn1crypto DEBUG ocsp_asn1crypto:236  - Verifying the attached certificate is signed by the issuer. Valid Not After: 2022-07-21 19:22:35+00:00
2021-12-14 16:42:30,099 (86632/MainThread) snowflake.connector.ocsp_asn1crypto DEBUG ocsp_asn1crypto:236  - Verifying the attached certificate is signed by the issuer. Valid Not After: 2022-07-21 19:22:35+00:00
2021-12-14 16:42:30,100 (86632/MainThread) snowflake.connector.ocsp_asn1crypto DEBUG ocsp_asn1crypto:236  - Verifying the attached certificate is signed by the issuer. Valid Not After: 2022-07-21 19:22:35+00:00
2021-12-14 16:42:30,102 (86632/MainThread) snowflake.connector.ocsp_asn1crypto DEBUG ocsp_asn1crypto:236  - Verifying the attached certificate is signed by the issuer. Valid Not After: 2022-07-21 18:55:27+00:00
2021-12-14 16:42:30,104 (86632/MainThread) snowflake.connector.ocsp_asn1crypto DEBUG ocsp_asn1crypto:236  - Verifying the attached certificate is signed by the issuer. Valid Not After: 2022-07-21 18:55:27+00:00
2021-12-14 16:42:30,105 (86632/MainThread) snowflake.connector.ocsp_snowflake DEBUG ocsp_snowflake:545  - Read OCSP response cache file: /Users/tbennett/Library/Caches/Snowflake/ocsp_response_cache.json, count=160
2021-12-14 16:42:30,105 (86632/MainThread) snowflake.connector.ocsp_snowflake DEBUG ocsp_snowflake:1063 - validating certificate: sfc-ds1-customer-stage.s3.amazonaws.com
2021-12-14 16:42:30,105 (86632/MainThread) snowflake.connector.ocsp_asn1crypto DEBUG ocsp_asn1crypto:434  - # of certificates: 4
2021-12-14 16:42:30,106 (86632/MainThread) snowflake.connector.ocsp_asn1crypto DEBUG ocsp_asn1crypto:440  - subject: OrderedDict([('common_name', '*.s3.amazonaws.com')]), issuer: OrderedDict([('country_name', 'US'), ('organization_name', 'Amazon'), ('organizational_unit_name', 'Server CA 1B'), ('common_name', 'Amazon')])
2021-12-14 16:42:30,107 (86632/MainThread) snowflake.connector.ocsp_asn1crypto DEBUG ocsp_asn1crypto:440  - subject: OrderedDict([('country_name', 'US'), ('organization_name', 'Amazon'), ('organizational_unit_name', 'Server CA 1B'), ('common_name', 'Amazon')]), issuer: OrderedDict([('country_name', 'US'), ('organization_name', 'Amazon'), ('common_name', 'Amazon Root CA 1')])
2021-12-14 16:42:30,108 (86632/MainThread) snowflake.connector.ocsp_asn1crypto DEBUG ocsp_asn1crypto:440  - subject: OrderedDict([('country_name', 'US'), ('organization_name', 'Amazon'), ('common_name', 'Amazon Root CA 1')]), issuer: OrderedDict([('country_name', 'US'), ('state_or_province_name', 'Arizona'), ('locality_name', 'Scottsdale'), ('organization_name', 'Starfield Technologies, Inc.'), ('common_name', 'Starfield Services Root Certificate Authority - G2')])
2021-12-14 16:42:30,109 (86632/MainThread) snowflake.connector.ocsp_asn1crypto DEBUG ocsp_asn1crypto:440  - subject: OrderedDict([('country_name', 'US'), ('state_or_province_name', 'Arizona'), ('locality_name', 'Scottsdale'), ('organization_name', 'Starfield Technologies, Inc.'), ('common_name', 'Starfield Services Root Certificate Authority - G2')]), issuer: OrderedDict([('country_name', 'US'), ('organization_name', 'Starfield Technologies, Inc.'), ('organizational_unit_name', 'Starfield Class 2 Certification Authority')])
2021-12-14 16:42:30,111 (86632/MainThread) snowflake.connector.ocsp_asn1crypto DEBUG ocsp_asn1crypto:460  - not found issuer_der: OrderedDict([('country_name', 'US'), ('organization_name', 'Starfield Technologies, Inc.'), ('organizational_unit_name', 'Starfield Class 2 Certification Authority')])
2021-12-14 16:42:30,112 (86632/MainThread) snowflake.connector.ocsp_snowflake DEBUG ocsp_snowflake:682  - hit cache for subject: OrderedDict([('common_name', '*.s3.amazonaws.com')])
2021-12-14 16:42:30,114 (86632/MainThread) snowflake.connector.ocsp_asn1crypto DEBUG ocsp_asn1crypto:236  - Verifying the attached certificate is signed by the issuer. Valid Not After: 2024-05-12 02:43:45+00:00
2021-12-14 16:42:30,115 (86632/MainThread) snowflake.connector.ocsp_snowflake DEBUG ocsp_snowflake:682  - hit cache for subject: OrderedDict([('country_name', 'US'), ('organization_name', 'Amazon'), ('organizational_unit_name', 'Server CA 1B'), ('common_name', 'Amazon')])
2021-12-14 16:42:30,117 (86632/MainThread) snowflake.connector.ocsp_asn1crypto DEBUG ocsp_asn1crypto:236  - Verifying the attached certificate is signed by the issuer. Valid Not After: 2024-05-12 02:47:38+00:00
2021-12-14 16:42:30,118 (86632/MainThread) snowflake.connector.ocsp_snowflake DEBUG ocsp_snowflake:682  - hit cache for subject: OrderedDict([('country_name', 'US'), ('organization_name', 'Amazon'), ('common_name', 'Amazon Root CA 1')])
2021-12-14 16:42:30,120 (86632/MainThread) snowflake.connector.ocsp_asn1crypto DEBUG ocsp_asn1crypto:236  - Verifying the attached certificate is signed by the issuer. Valid Not After: 2022-09-01 07:00:00+00:00
2021-12-14 16:42:30,121 (86632/MainThread) snowflake.connector.ocsp_snowflake DEBUG ocsp_snowflake:682  - hit cache for subject: OrderedDict([('country_name', 'US'), ('state_or_province_name', 'Arizona'), ('locality_name', 'Scottsdale'), ('organization_name', 'Starfield Technologies, Inc.'), ('common_name', 'Starfield Services Root Certificate Authority - G2')])
2021-12-14 16:42:30,122 (86632/MainThread) snowflake.connector.ocsp_snowflake DEBUG ocsp_snowflake:682  - hit cache for subject: OrderedDict([('common_name', '*.s3.amazonaws.com')])
2021-12-14 16:42:30,123 (86632/MainThread) snowflake.connector.ocsp_snowflake DEBUG ocsp_snowflake:1237 - using OCSP response cache
2021-12-14 16:42:30,124 (86632/MainThread) snowflake.connector.ocsp_asn1crypto DEBUG ocsp_asn1crypto:329  - Certificate is NOT attached in Basic OCSP Response. Using issuer's certificate
2021-12-14 16:42:30,124 (86632/MainThread) snowflake.connector.ocsp_asn1crypto DEBUG ocsp_asn1crypto:336  - Verifying the OCSP response is signed by the issuer.
2021-12-14 16:42:30,128 (86632/MainThread) snowflake.connector.ocsp_asn1crypto DEBUG ocsp_asn1crypto:236  - Verifying the attached certificate is signed by the issuer. Valid Not After: 2024-05-12 02:43:45+00:00
2021-12-14 16:42:30,128 (86632/MainThread) snowflake.connector.ocsp_snowflake DEBUG ocsp_snowflake:682  - hit cache for subject: OrderedDict([('country_name', 'US'), ('organization_name', 'Amazon'), ('organizational_unit_name', 'Server CA 1B'), ('common_name', 'Amazon')])
2021-12-14 16:42:30,130 (86632/MainThread) snowflake.connector.ocsp_snowflake DEBUG ocsp_snowflake:1237 - using OCSP response cache
2021-12-14 16:42:30,131 (86632/MainThread) snowflake.connector.ocsp_asn1crypto DEBUG ocsp_asn1crypto:293  - Certificate is attached in Basic OCSP Response
2021-12-14 16:42:30,131 (86632/MainThread) snowflake.connector.ocsp_asn1crypto DEBUG ocsp_asn1crypto:296  - Verifying the attached certificate is signed by the issuer
2021-12-14 16:42:30,131 (86632/MainThread) snowflake.connector.ocsp_asn1crypto DEBUG ocsp_asn1crypto:300  - Valid Not After: 2024-05-12 02:43:45+00:00
2021-12-14 16:42:30,133 (86632/MainThread) snowflake.connector.ocsp_asn1crypto DEBUG ocsp_asn1crypto:336  - Verifying the OCSP response is signed by the issuer.
2021-12-14 16:42:30,137 (86632/MainThread) snowflake.connector.ocsp_asn1crypto DEBUG ocsp_asn1crypto:236  - Verifying the attached certificate is signed by the issuer. Valid Not After: 2024-05-12 02:47:38+00:00
2021-12-14 16:42:30,137 (86632/MainThread) snowflake.connector.ocsp_snowflake DEBUG ocsp_snowflake:682  - hit cache for subject: OrderedDict([('country_name', 'US'), ('organization_name', 'Amazon'), ('common_name', 'Amazon Root CA 1')])
2021-12-14 16:42:30,139 (86632/MainThread) snowflake.connector.ocsp_snowflake DEBUG ocsp_snowflake:1237 - using OCSP response cache
2021-12-14 16:42:30,140 (86632/MainThread) snowflake.connector.ocsp_asn1crypto DEBUG ocsp_asn1crypto:293  - Certificate is attached in Basic OCSP Response
2021-12-14 16:42:30,140 (86632/MainThread) snowflake.connector.ocsp_asn1crypto DEBUG ocsp_asn1crypto:296  - Verifying the attached certificate is signed by the issuer
2021-12-14 16:42:30,140 (86632/MainThread) snowflake.connector.ocsp_asn1crypto DEBUG ocsp_asn1crypto:300  - Valid Not After: 2024-05-12 02:47:38+00:00
2021-12-14 16:42:30,142 (86632/MainThread) snowflake.connector.ocsp_asn1crypto DEBUG ocsp_asn1crypto:336  - Verifying the OCSP response is signed by the issuer.
2021-12-14 16:42:30,146 (86632/MainThread) snowflake.connector.ocsp_asn1crypto DEBUG ocsp_asn1crypto:236  - Verifying the attached certificate is signed by the issuer. Valid Not After: 2022-09-01 07:00:00+00:00
2021-12-14 16:42:30,146 (86632/MainThread) snowflake.connector.ocsp_snowflake DEBUG ocsp_snowflake:682  - hit cache for subject: OrderedDict([('country_name', 'US'), ('state_or_province_name', 'Arizona'), ('locality_name', 'Scottsdale'), ('organization_name', 'Starfield Technologies, Inc.'), ('common_name', 'Starfield Services Root Certificate Authority - G2')])
2021-12-14 16:42:30,147 (86632/MainThread) snowflake.connector.ocsp_snowflake DEBUG ocsp_snowflake:1237 - using OCSP response cache
2021-12-14 16:42:30,149 (86632/MainThread) snowflake.connector.ocsp_asn1crypto DEBUG ocsp_asn1crypto:293  - Certificate is attached in Basic OCSP Response
2021-12-14 16:42:30,149 (86632/MainThread) snowflake.connector.ocsp_asn1crypto DEBUG ocsp_asn1crypto:296  - Verifying the attached certificate is signed by the issuer
2021-12-14 16:42:30,149 (86632/MainThread) snowflake.connector.ocsp_asn1crypto DEBUG ocsp_asn1crypto:300  - Valid Not After: 2022-09-01 07:00:00+00:00
2021-12-14 16:42:30,151 (86632/MainThread) snowflake.connector.ocsp_asn1crypto DEBUG ocsp_asn1crypto:336  - Verifying the OCSP response is signed by the issuer.
2021-12-14 16:42:30,153 (86632/MainThread) snowflake.connector.ocsp_snowflake DEBUG ocsp_snowflake:604  - writing OCSP response cache file to /Users/tbennett/Library/Caches/Snowflake/ocsp_response_cache.json
2021-12-14 16:42:30,153 (86632/MainThread) snowflake.connector.ocsp_snowflake DEBUG ocsp_snowflake:1715 - encoding OCSP response cache to JSON
2021-12-14 16:42:30,176 (86632/MainThread) snowflake.connector.ocsp_snowflake DEBUG ocsp_snowflake:1115 - ok
2021-12-14 16:42:30,257 (86632/MainThread) snowflake.connector.vendored.urllib3.connectionpool DEBUG connectionpool:461  - https://sfc-ds1-customer-stage.s3.amazonaws.com:443 "GET /https://sfc-ds1-customer-stage.s3.amazonaws.com/?accelerate HTTP/1.1" 403 None
2021-12-14 16:42:30,258 (86632/MainThread) snowflake.connector.network DEBUG        network:1112 - Session status for SessionPool 'b'sfc-ds1-customer-stage.s3.amazonaws.com'', SessionPool 0/1 active sessions
2021-12-14 16:42:30,258 (86632/MainThread) snowflake.connector.storage_client DEBUG storage_client:434  - cleaning up tmp dir: /var/folders/9l/fvfsfrd561j841_5v5h3gp4c0000gp/T/tmpdi0v9vuk
2021-12-14 16:42:30,259 (86632/MainThread) snowflake.connector.file_transfer_agent DEBUG file_transfer_agent:404  - parallel=[4]
2021-12-14 16:42:30,259 (86632/MainThread) snowflake.connector.file_transfer_agent DEBUG file_transfer_agent:416  - Chunk ThreadPoolExecutor size: 4
2021-12-14 16:42:30,260 (86632/ThreadPoolExecutor-1_0) snowflake.connector.storage_client DEBUG storage_client:187  - Preprocessing /Users/tbennett/Code/plg-blogs/email-validator/./target/email-validator-1.0-SNAPSHOT.jar
2021-12-14 16:42:30,260 (86632/ThreadPoolExecutor-1_0) snowflake.connector.storage_client DEBUG storage_client:134  - getting digest file=/Users/tbennett/Code/plg-blogs/email-validator/./target/email-validator-1.0-SNAPSHOT.jar
2021-12-14 16:42:30,261 (86632/ThreadPoolExecutor-1_0) snowflake.connector.file_util DEBUG      file_util:162  - getting digest and size: czmj0JcQQ6ziKVHY7lyGngw3x7w4saf4Enb/81n6Q6I=, 3297, file=/Users/tbennett/Code/plg-blogs/email-validator/./target/email-validator-1.0-SNAPSHOT.jar
2021-12-14 16:42:30,261 (86632/ThreadPoolExecutor-1_0) snowflake.connector.storage_client DEBUG storage_client:217  - Preparing to upload /Users/tbennett/Code/plg-blogs/email-validator/./target/email-validator-1.0-SNAPSHOT.jar
2021-12-14 16:42:30,261 (86632/ThreadPoolExecutor-1_0) snowflake.connector.storage_client DEBUG storage_client:150  - encrypting file=/Users/tbennett/Code/plg-blogs/email-validator/./target/email-validator-1.0-SNAPSHOT.jar
2021-12-14 16:42:30,262 (86632/ThreadPoolExecutor-1_0) snowflake.connector.encryption_util DEBUG encryption_util:158  - unencrypted file: /Users/tbennett/Code/plg-blogs/email-validator/./target/email-validator-1.0-SNAPSHOT.jar, temp file: /var/folders/9l/fvfsfrd561j841_5v5h3gp4c0000gp/T/tmprsa18tfi/email-validator-1.0-SNAPSHOT.jar#17b1k4fc, tmp_dir: /var/folders/9l/fvfsfrd561j841_5v5h3gp4c0000gp/T/tmprsa18tfi
2021-12-14 16:42:30,262 (86632/ThreadPoolExecutor-1_0) snowflake.connector.encryption_util DEBUG encryption_util:73   - key_size = 16
2021-12-14 16:42:30,263 (86632/ThreadPoolExecutor-1_0) snowflake.connector.storage_client DEBUG storage_client:223  - finished preprocessing
2021-12-14 16:42:30,263 (86632/ThreadPoolExecutor-1_0) snowflake.connector.storage_client DEBUG storage_client:228  - number of chunks 1
2021-12-14 16:42:30,264 (86632/ThreadPoolExecutor-1_0) snowflake.connector.file_transfer_agent DEBUG file_transfer_agent:451  - Finished preparing file email-validator-1.0-SNAPSHOT.jar
2021-12-14 16:42:30,264 (86632/ThreadPoolExecutor-0_0) snowflake.connector.storage_client DEBUG storage_client:398  - Uploading chunk 0 of file /var/folders/9l/fvfsfrd561j841_5v5h3gp4c0000gp/T/tmprsa18tfi/email-validator-1.0-SNAPSHOT.jar#17b1k4fc
2021-12-14 16:42:30,265 (86632/ThreadPoolExecutor-0_0) snowflake.connector.network DEBUG        network:1106 - Session status for SessionPool 'b'sfc-ds1-customer-stage.s3.amazonaws.com'', SessionPool 1/1 active sessions
2021-12-14 16:42:30,265 (86632/ThreadPoolExecutor-0_0) snowflake.connector.storage_client DEBUG storage_client:275  - storage client request with session <snowflake.connector.vendored.requests.sessions.Session object at 0x7f83005034a8>
2021-12-14 16:42:30,490 (86632/ThreadPoolExecutor-0_0) snowflake.connector.vendored.urllib3.connectionpool DEBUG connectionpool:461  - https://sfc-ds1-customer-stage.s3.amazonaws.com:443 "PUT /eto1-s-ssca0830/users/1491440/PLG/email-validator-1.0-SNAPSHOT.jar HTTP/1.1" 200 0
2021-12-14 16:42:30,491 (86632/ThreadPoolExecutor-0_0) snowflake.connector.network DEBUG        network:1112 - Session status for SessionPool 'b'sfc-ds1-customer-stage.s3.amazonaws.com'', SessionPool 0/1 active sessions
2021-12-14 16:42:30,491 (86632/ThreadPoolExecutor-0_0) snowflake.connector.storage_client DEBUG storage_client:400  - Successfully uploaded chunk 0 of file /var/folders/9l/fvfsfrd561j841_5v5h3gp4c0000gp/T/tmprsa18tfi/email-validator-1.0-SNAPSHOT.jar#17b1k4fc
2021-12-14 16:42:30,492 (86632/ThreadPoolExecutor-0_0) snowflake.connector.file_transfer_agent DEBUG file_transfer_agent:498  - Chunk 0/1 of file email-validator-1.0-SNAPSHOT.jar reached callback
2021-12-14 16:42:30,492 (86632/ThreadPoolExecutor-0_0) snowflake.connector.file_transfer_agent DEBUG file_transfer_agent:514  - Chunk progress: email-validator-1.0-SNAPSHOT.jar: completed: 1 failed: 0 total: 1
2021-12-14 16:42:30,492 (86632/ThreadPoolExecutor-0_0) snowflake.connector.storage_client DEBUG storage_client:244  - /Users/tbennett/Code/plg-blogs/email-validator/./target/email-validator-1.0-SNAPSHOT.jar upload is completed.
2021-12-14 16:42:30,492 (86632/ThreadPoolExecutor-0_0) snowflake.connector.storage_client DEBUG storage_client:434  - cleaning up tmp dir: /var/folders/9l/fvfsfrd561j841_5v5h3gp4c0000gp/T/tmprsa18tfi
2021-12-14 16:42:30,493 (86632/MainThread) snowflake.connector.file_transfer_agent DEBUG file_transfer_agent:713  - raise_put_get_error: False, UPLOADED, <class 'str'>, ResultStatus.ERROR, <enum 'ResultStatus'>
2021-12-14 16:42:30,493 (86632/MainThread) snowflake.connector.cursor DEBUG         cursor:816  - Query result format: json
2021-12-14 16:42:30,494 (86632/MainThread) snowflake.connector.converter_snowsql DEBUG converter_snowsql:88   - Type: TEXT, Format: None
2021-12-14 16:42:30,494 (86632/MainThread) snowflake.connector.converter_snowsql DEBUG converter_snowsql:88   - Type: TEXT, Format: None
2021-12-14 16:42:30,494 (86632/MainThread) snowflake.connector.converter_snowsql DEBUG converter_snowsql:88   - Type: FIXED, Format: None
2021-12-14 16:42:30,494 (86632/MainThread) snowflake.connector.converter_snowsql DEBUG converter_snowsql:88   - Type: FIXED, Format: None
2021-12-14 16:42:30,495 (86632/MainThread) snowflake.connector.converter_snowsql DEBUG converter_snowsql:88   - Type: TEXT, Format: None
2021-12-14 16:42:30,495 (86632/MainThread) snowflake.connector.converter_snowsql DEBUG converter_snowsql:88   - Type: TEXT, Format: None
2021-12-14 16:42:30,495 (86632/MainThread) snowflake.connector.converter_snowsql DEBUG converter_snowsql:88   - Type: TEXT, Format: None
2021-12-14 16:42:30,495 (86632/MainThread) snowflake.connector.converter_snowsql DEBUG converter_snowsql:88   - Type: TEXT, Format: None
2021-12-14 16:42:30,495 (86632/MainThread) snowflake.connector.result_batch DEBUG   result_batch:441  - parsing for result batch id: 1
2021-12-14 16:42:30,496 (86632/MainThread) snowflake.connector.result_set DEBUG     result_set:71   - beginning to schedule result batch downloads
2021-12-14 16:42:30,496 (86632/MainThread) __main__ DEBUG      eventloop:723  - headers: [('source', 2), ('target', 2), ('source_size', 0), ('target_size', 0), ('source_compression', 2), ('target_compression', 2), ('status', 2), ('message', 2)]
2021-12-14 16:42:30,496 (86632/MainThread) __main__ DEBUG      eventloop:729  - rows: "[['email-validator-1.0-SNAPSHOT.jar', 'email-validator-1.0-SNAPSHOT.jar', '3297', '3312', 'NONE', 'NONE', 'UPLOADED', '']]"
2021-12-14 16:42:30,496 (86632/MainThread) snowflake.cli.tabulate DEBUG       tabulate:642  - minwidths: [32, 32, 11, 11, 18, 18, 8, 7]
2021-12-14 16:42:30,497 (86632/MainThread) snowflake.cli.tabulate DEBUG       tabulate:651  - headers: ['source                          ', 'target                          ', 'source_size', 'target_size', 'source_compression', 'target_compression', 'status  ', 'message'], minwidths: [32, 32, 11, 11, 18, 18, 8, 7]
2021-12-14 16:42:30,497 (86632/MainThread) __main__ DEBUG      eventloop:822  - Command Time: 1.0739238262176514
2021-12-14 16:42:30,498 (86632/MainThread) __main__ DEBUG      eventloop:794  - end of SQL: put
    file://./target/email-validator-1.0-SNAPSHOT.jar
    @~/PLG/
    auto_compress = false
    overwrite = true
    ;
2021-12-14 16:42:30,498 (86632/MainThread) __main__ DEBUG      eventloop:581  - closing sessions
2021-12-14 16:42:30,498 (86632/MainThread) snowflake.cli.sqlexecute DEBUG     sqlexecute:349  - closing connections
2021-12-14 16:42:30,498 (86632/MainThread) snowflake.cli.sqlexecute DEBUG     sqlexecute:316  - joining async exec
2021-12-14 16:42:30,498 (86632/MainThread) snowflake.cli.sqlexecute DEBUG     sqlexecute:324  - waiting for async exec to finish...
2021-12-14 16:42:30,499 (86632/MainThread) snowflake.cli.sqlexecute DEBUG     sqlexecute:341  - all async queries finished.
2021-12-14 16:42:30,499 (86632/MainThread) snowflake.connector.connection INFO     connection:522  - closed
2021-12-14 16:42:30,499 (86632/MainThread) snowflake.connector.telemetry DEBUG      telemetry:143  - Closing telemetry client.
2021-12-14 16:42:30,499 (86632/MainThread) snowflake.connector.telemetry DEBUG      telemetry:112  - Sending 1 logs to telemetry. Data is {'logs': [{'message': {'type': 'client_time_consume_last_result', 'query_id': '01a0f24a-0503-371c-0000-16c10db387ee', 'value': 858}, 'timestamp': '1639500150496'}]}.
2021-12-14 16:42:30,500 (86632/MainThread) snowflake.connector.network DEBUG        network:1106 - Session status for SessionPool 'streamsets.snowflakecomputing.com', SessionPool 1/1 active sessions
2021-12-14 16:42:30,500 (86632/MainThread) snowflake.connector.network DEBUG        network:825  - remaining request timeout: 5, retry cnt: 1
2021-12-14 16:42:30,500 (86632/MainThread) snowflake.connector.network DEBUG        network:803  - Request guid: a5e24358-6563-40e9-893d-3f09cf94335c
2021-12-14 16:42:30,501 (86632/MainThread) snowflake.connector.network DEBUG        network:972  - socket timeout: 60
2021-12-14 16:42:30,592 (86632/MainThread) snowflake.connector.vendored.urllib3.connectionpool DEBUG connectionpool:461  - https://streamsets.snowflakecomputing.com:443 "POST /telemetry/send?request_guid=a5e24358-6563-40e9-893d-3f09cf94335c HTTP/1.1" 200 86
2021-12-14 16:42:30,593 (86632/MainThread) snowflake.connector.network DEBUG        network:1001 - SUCCESS
2021-12-14 16:42:30,593 (86632/MainThread) snowflake.connector.network DEBUG        network:1112 - Session status for SessionPool 'streamsets.snowflakecomputing.com', SessionPool 0/1 active sessions
2021-12-14 16:42:30,593 (86632/MainThread) snowflake.connector.network DEBUG        network:712  - ret[code] = None, after post request
2021-12-14 16:42:30,594 (86632/MainThread) snowflake.connector.telemetry DEBUG      telemetry:133  - Successfully uploading metrics to telemetry.
2021-12-14 16:42:30,594 (86632/MainThread) snowflake.connector.connection INFO     connection:525  - No async queries seem to be running, deleting session
2021-12-14 16:42:30,594 (86632/MainThread) snowflake.connector.network DEBUG        network:1106 - Session status for SessionPool 'streamsets.snowflakecomputing.com', SessionPool 1/1 active sessions
2021-12-14 16:42:30,594 (86632/MainThread) snowflake.connector.network DEBUG        network:825  - remaining request timeout: 5, retry cnt: 1
2021-12-14 16:42:30,595 (86632/MainThread) snowflake.connector.network DEBUG        network:803  - Request guid: dc379f55-d4fd-4790-bd35-73cc6bb01409
2021-12-14 16:42:30,595 (86632/MainThread) snowflake.connector.network DEBUG        network:972  - socket timeout: 60
2021-12-14 16:42:30,748 (86632/MainThread) snowflake.connector.vendored.urllib3.connectionpool DEBUG connectionpool:461  - https://streamsets.snowflakecomputing.com:443 "POST /session?delete=true&request_guid=dc379f55-d4fd-4790-bd35-73cc6bb01409 HTTP/1.1" 200 76
2021-12-14 16:42:30,748 (86632/MainThread) snowflake.connector.network DEBUG        network:1001 - SUCCESS
2021-12-14 16:42:30,749 (86632/MainThread) snowflake.connector.network DEBUG        network:1112 - Session status for SessionPool 'streamsets.snowflakecomputing.com', SessionPool 0/1 active sessions
2021-12-14 16:42:30,749 (86632/MainThread) snowflake.connector.network DEBUG        network:712  - ret[code] = None, after post request
2021-12-14 16:42:30,751 (86632/MainThread) snowflake.connector.connection DEBUG     connection:536  - Session is closed
